16:33:13 **** Incremental Build of configuration Debug for project TEST_Bare_405RG ****
make -j4 all 
arm-none-eabi-gcc "../USB_HOST/Target/usbh_conf.c" -mcpu=cortex-m4 -std=gnu11 -g3 -DDEBUG -DUSE_HAL_DRIVER -DSTM32F405xx -c -I../Core/Inc -I../Drivers/STM32F4xx_HAL_Driver/Inc -I../Drivers/STM32F4xx_HAL_Driver/Inc/Legacy -I../Drivers/CMSIS/Device/ST/STM32F4xx/Include -I../Drivers/CMSIS/Include -O0 -ffunction-sections -fdata-sections -Wall -fstack-usage -MMD -MP -MF"USB_HOST/Target/usbh_conf.d" -MT"USB_HOST/Target/usbh_conf.o" --specs=nano.specs -mfpu=fpv4-sp-d16 -mfloat-abi=hard -mthumb -o "USB_HOST/Target/usbh_conf.o"
arm-none-eabi-gcc "../USB_HOST/App/usb_host.c" -mcpu=cortex-m4 -std=gnu11 -g3 -DDEBUG -DUSE_HAL_DRIVER -DSTM32F405xx -c -I../Core/Inc -I../Drivers/STM32F4xx_HAL_Driver/Inc -I../Drivers/STM32F4xx_HAL_Driver/Inc/Legacy -I../Drivers/CMSIS/Device/ST/STM32F4xx/Include -I../Drivers/CMSIS/Include -O0 -ffunction-sections -fdata-sections -Wall -fstack-usage -MMD -MP -MF"USB_HOST/App/usb_host.d" -MT"USB_HOST/App/usb_host.o" --specs=nano.specs -mfpu=fpv4-sp-d16 -mfloat-abi=hard -mthumb -o "USB_HOST/App/usb_host.o"
arm-none-eabi-gcc "../Middlewares/ST/STM32_USB_Host_Library/Core/Src/usbh_core.c" -mcpu=cortex-m4 -std=gnu11 -g3 -DDEBUG -DUSE_HAL_DRIVER -DSTM32F405xx -c -I../Core/Inc -I../Drivers/STM32F4xx_HAL_Driver/Inc -I../Drivers/STM32F4xx_HAL_Driver/Inc/Legacy -I../Drivers/CMSIS/Device/ST/STM32F4xx/Include -I../Drivers/CMSIS/Include -O0 -ffunction-sections -fdata-sections -Wall -fstack-usage -MMD -MP -MF"Middlewares/ST/STM32_USB_Host_Library/Core/Src/usbh_core.d" -MT"Middlewares/ST/STM32_USB_Host_Library/Core/Src/usbh_core.o" --specs=nano.specs -mfpu=fpv4-sp-d16 -mfloat-abi=hard -mthumb -o "Middlewares/ST/STM32_USB_Host_Library/Core/Src/usbh_core.o"
arm-none-eabi-gcc "../Middlewares/ST/STM32_USB_Host_Library/Core/Src/usbh_ctlreq.c" -mcpu=cortex-m4 -std=gnu11 -g3 -DDEBUG -DUSE_HAL_DRIVER -DSTM32F405xx -c -I../Core/Inc -I../Drivers/STM32F4xx_HAL_Driver/Inc -I../Drivers/STM32F4xx_HAL_Driver/Inc/Legacy -I../Drivers/CMSIS/Device/ST/STM32F4xx/Include -I../Drivers/CMSIS/Include -O0 -ffunction-sections -fdata-sections -Wall -fstack-usage -MMD -MP -MF"Middlewares/ST/STM32_USB_Host_Library/Core/Src/usbh_ctlreq.d" -MT"Middlewares/ST/STM32_USB_Host_Library/Core/Src/usbh_ctlreq.o" --specs=nano.specs -mfpu=fpv4-sp-d16 -mfloat-abi=hard -mthumb -o "Middlewares/ST/STM32_USB_Host_Library/Core/Src/usbh_ctlreq.o"
../USB_HOST/Target/usbh_conf.c:23:10: fatal error: usbh_core.h: No such file or directory
   23 | #include "usbh_core.h"
      |          ^~~~~~~~~~~~~
../Middlewares/ST/STM32_USB_Host_Library/Core/Src/usbh_core.c:22:10: fatal error: usbh_core.h: No such file or directory
   22 | #include "usbh_core.h"
      |          ^~~~~~~~~~~~~
compilation terminated.
../Middlewares/ST/STM32_USB_Host_Library/Core/Src/usbh_ctlreq.c:21:10: fatal error: usbh_ctlreq.h: No such file or directory
   21 | #include "usbh_ctlreq.h"
      |          ^~~~~~~~~~~~~~~
compilation terminated.
compilation terminated.
make: *** [Middlewares/ST/STM32_USB_Host_Library/Core/Src/subdir.mk:28: Middlewares/ST/STM32_USB_Host_Library/Core/Src/usbh_core.o] Error 1
make: *** Waiting for unfinished jobs....
make: *** [Middlewares/ST/STM32_USB_Host_Library/Core/Src/subdir.mk:30: Middlewares/ST/STM32_USB_Host_Library/Core/Src/usbh_ctlreq.o] Error 1
make: *** [USB_HOST/Target/subdir.mk:19: USB_HOST/Target/usbh_conf.o] Error 1
../USB_HOST/App/usb_host.c:25:10: fatal error: usbh_core.h: No such file or directory
   25 | #include "usbh_core.h"
      |          ^~~~~~~~~~~~~
compilation terminated.
make: *** [USB_HOST/App/subdir.mk:19: USB_HOST/App/usb_host.o] Error 1
"make -j4 all" terminated with exit code 2. Build might be incomplete.

16:33:14 Build Failed. 9 errors, 0 warnings. (took 271ms)

